[2025-11-17 11:48:43] local.INFO: Activity - Payment - create_payout_request {"module":"Payment","action":"create_payout_request","user_id":2,"data":{"merchant_order_id":"order-1763378881","amount":"2","currency":"EUR"},"timestamp":"2025-11-17T11:48:43+00:00"} 
[2025-11-17 11:52:01] local.INFO: Activity - Payment - create_payout_request {"module":"Payment","action":"create_payout_request","user_id":2,"data":{"merchant_order_id":"order-1763380299","amount":"2","currency":"EUR"},"timestamp":"2025-11-17T11:52:01+00:00"} 
[2025-11-17 12:00:31] local.INFO: Activity - Payment - create_payout_request {"module":"Payment","action":"create_payout_request","user_id":2,"data":{"merchant_order_id":"order-1763380299","amount":"2","currency":"EUR"},"timestamp":"2025-11-17T12:00:31+00:00"} 
[2025-11-17 12:05:31] local.INFO: Activity - Payment - create_payout_request {"module":"Payment","action":"create_payout_request","user_id":2,"data":{"merchant_order_id":"order-1763380299","amount":"2","currency":"EUR"},"timestamp":"2025-11-17T12:05:31+00:00"} 
[2025-11-17 12:22:00] local.INFO: Activity - Payment - create_payout_request {"module":"Payment","action":"create_payout_request","user_id":2,"data":{"merchant_order_id":"order-1763382091","amount":"2","currency":"EUR"},"timestamp":"2025-11-17T12:22:00+00:00"} 
[2025-11-17 12:22:02] local.INFO: Activity - User - view_transactions {"module":"User","action":"view_transactions","user_id":2,"data":{"filters":[]},"timestamp":"2025-11-17T12:22:02+00:00"} 
[2025-11-17 12:22:08] local.INFO: Activity - User - view_transaction {"module":"User","action":"view_transaction","user_id":2,"data":{"transaction_id":1,"merchant_order_id":"order-1763382091"},"timestamp":"2025-11-17T12:22:08+00:00"} 
[2025-11-17 12:22:22] local.INFO: Activity - Payment - check_status {"module":"Payment","action":"check_status","user_id":2,"data":{"order_id":"ca190c93-4684-47c1-a981-6d36d77ab8ba","operation_id":"fa194076-262d-46f8-81e3-e00bad5684fe"},"timestamp":"2025-11-17T12:22:22+00:00"} 
[2025-11-17 12:22:22] local.INFO: Activity - User - view_transaction {"module":"User","action":"view_transaction","user_id":2,"data":{"transaction_id":1,"merchant_order_id":"order-1763382091"},"timestamp":"2025-11-17T12:22:22+00:00"} 
[2025-11-17 12:22:35] local.INFO: Activity - Payment - check_status {"module":"Payment","action":"check_status","user_id":2,"data":{"order_id":"ca190c93-4684-47c1-a981-6d36d77ab8ba","operation_id":"fa194076-262d-46f8-81e3-e00bad5684fe"},"timestamp":"2025-11-17T12:22:35+00:00"} 
[2025-11-17 12:22:35] local.INFO: Activity - User - view_transaction {"module":"User","action":"view_transaction","user_id":2,"data":{"transaction_id":1,"merchant_order_id":"order-1763382091"},"timestamp":"2025-11-17T12:22:35+00:00"} 
[2025-11-17 12:24:49] local.INFO: Activity - Payment - check_status {"module":"Payment","action":"check_status","user_id":2,"data":{"order_id":"ca190c93-4684-47c1-a981-6d36d77ab8ba","operation_id":"fa194076-262d-46f8-81e3-e00bad5684fe"},"timestamp":"2025-11-17T12:24:49+00:00"} 
[2025-11-17 12:24:50] local.INFO: Activity - User - view_transaction {"module":"User","action":"view_transaction","user_id":2,"data":{"transaction_id":1,"merchant_order_id":"order-1763382091"},"timestamp":"2025-11-17T12:24:50+00:00"} 
[2025-11-17 12:24:53] local.INFO: Activity - Payment - check_status {"module":"Payment","action":"check_status","user_id":2,"data":{"order_id":"ca190c93-4684-47c1-a981-6d36d77ab8ba","operation_id":"fa194076-262d-46f8-81e3-e00bad5684fe"},"timestamp":"2025-11-17T12:24:53+00:00"} 
[2025-11-17 12:24:54] local.INFO: Activity - User - view_transaction {"module":"User","action":"view_transaction","user_id":2,"data":{"transaction_id":1,"merchant_order_id":"order-1763382091"},"timestamp":"2025-11-17T12:24:54+00:00"} 
[2025-11-17 12:24:54] local.INFO: Activity - Payment - check_status {"module":"Payment","action":"check_status","user_id":2,"data":{"order_id":"ca190c93-4684-47c1-a981-6d36d77ab8ba","operation_id":"fa194076-262d-46f8-81e3-e00bad5684fe"},"timestamp":"2025-11-17T12:24:54+00:00"} 
[2025-11-17 12:27:15] local.INFO: Activity - User - view_transactions {"module":"User","action":"view_transactions","user_id":2,"data":{"filters":[]},"timestamp":"2025-11-17T12:27:15+00:00"} 
[2025-11-17 12:27:55] local.INFO: Activity - Payment - create_payout_request {"module":"Payment","action":"create_payout_request","user_id":2,"data":{"merchant_order_id":"order-1763382436","amount":"2","currency":"EUR"},"timestamp":"2025-11-17T12:27:55+00:00"} 
[2025-11-17 12:27:57] local.INFO: Activity - User - view_transactions {"module":"User","action":"view_transactions","user_id":2,"data":{"filters":[]},"timestamp":"2025-11-17T12:27:57+00:00"} 
[2025-11-17 12:28:01] local.INFO: Activity - User - view_transactions {"module":"User","action":"view_transactions","user_id":2,"data":{"filters":[]},"timestamp":"2025-11-17T12:28:01+00:00"} 
[2025-11-17 12:28:04] local.INFO: Activity - User - view_transactions {"module":"User","action":"view_transactions","user_id":2,"data":{"filters":[]},"timestamp":"2025-11-17T12:28:04+00:00"} 
[2025-11-17 12:28:11] local.INFO: Activity - User - view_transactions {"module":"User","action":"view_transactions","user_id":2,"data":{"filters":{"status":"processing","search":null}},"timestamp":"2025-11-17T12:28:11+00:00"} 
[2025-11-17 12:28:14] local.INFO: Activity - User - view_transactions {"module":"User","action":"view_transactions","user_id":2,"data":{"filters":{"status":"declined","search":null}},"timestamp":"2025-11-17T12:28:14+00:00"} 
[2025-11-17 12:28:16] local.INFO: Activity - User - view_transactions {"module":"User","action":"view_transactions","user_id":2,"data":{"filters":{"status":null,"search":null}},"timestamp":"2025-11-17T12:28:16+00:00"} 
[2025-11-17 12:28:19] local.INFO: Activity - User - view_transactions {"module":"User","action":"view_transactions","user_id":2,"data":{"filters":{"status":null,"search":null}},"timestamp":"2025-11-17T12:28:19+00:00"} 
[2025-11-17 12:28:21] local.INFO: Activity - User - view_transactions {"module":"User","action":"view_transactions","user_id":2,"data":{"filters":{"status":null,"search":null}},"timestamp":"2025-11-17T12:28:21+00:00"} 
[2025-11-17 12:28:23] local.INFO: Activity - User - view_transactions {"module":"User","action":"view_transactions","user_id":2,"data":{"filters":{"status":"processing","search":null}},"timestamp":"2025-11-17T12:28:23+00:00"} 
[2025-11-17 12:28:26] local.INFO: Activity - User - view_transactions {"module":"User","action":"view_transactions","user_id":2,"data":{"filters":{"status":"declined","search":null}},"timestamp":"2025-11-17T12:28:26+00:00"} 
[2025-11-17 12:28:28] local.INFO: Activity - User - view_transactions {"module":"User","action":"view_transactions","user_id":2,"data":{"filters":{"status":"approved","search":null}},"timestamp":"2025-11-17T12:28:28+00:00"} 
[2025-11-17 12:28:29] local.INFO: Activity - User - view_transactions {"module":"User","action":"view_transactions","user_id":2,"data":{"filters":{"status":"approved","search":null}},"timestamp":"2025-11-17T12:28:29+00:00"} 
[2025-11-17 12:28:31] local.INFO: Activity - User - view_transactions {"module":"User","action":"view_transactions","user_id":2,"data":{"filters":{"status":null,"search":null}},"timestamp":"2025-11-17T12:28:31+00:00"} 
[2025-11-17 12:37:43] local.INFO: Activity - User - view_transactions {"module":"User","action":"view_transactions","user_id":2,"data":{"filters":{"status":null,"search":null}},"timestamp":"2025-11-17T12:37:43+00:00"} 
[2025-11-17 12:37:47] local.INFO: Activity - User - view_transactions {"module":"User","action":"view_transactions","user_id":2,"data":{"filters":{"status":"processing","search":null}},"timestamp":"2025-11-17T12:37:47+00:00"} 
[2025-11-17 12:37:49] local.INFO: Activity - User - view_transaction {"module":"User","action":"view_transaction","user_id":2,"data":{"transaction_id":2,"merchant_order_id":"order-1763382436"},"timestamp":"2025-11-17T12:37:49+00:00"} 
[2025-11-17 12:37:51] local.INFO: Activity - Payment - check_status {"module":"Payment","action":"check_status","user_id":2,"data":{"order_id":"ca195554-788d-485f-82ed-e2bd2736f5b9","operation_id":"fa197956-81b2-4345-a4a6-b19dd2ea6e98"},"timestamp":"2025-11-17T12:37:51+00:00"} 
[2025-11-17 12:38:00] local.INFO: Activity - User - view_transaction {"module":"User","action":"view_transaction","user_id":2,"data":{"transaction_id":2,"merchant_order_id":"order-1763382436"},"timestamp":"2025-11-17T12:38:00+00:00"} 
[2025-11-17 12:38:01] local.INFO: Activity - Payment - check_status {"module":"Payment","action":"check_status","user_id":2,"data":{"order_id":"ca195554-788d-485f-82ed-e2bd2736f5b9","operation_id":"fa197956-81b2-4345-a4a6-b19dd2ea6e98"},"timestamp":"2025-11-17T12:38:01+00:00"} 
[2025-11-17 12:38:02] local.INFO: Activity - User - view_transaction {"module":"User","action":"view_transaction","user_id":2,"data":{"transaction_id":2,"merchant_order_id":"order-1763382436"},"timestamp":"2025-11-17T12:38:02+00:00"} 
[2025-11-17 12:46:03] local.INFO: Activity - Auth - logout {"module":"Auth","action":"logout","user_id":2,"data":{"user_id":2},"timestamp":"2025-11-17T12:46:03+00:00"} 
[2025-11-17 12:46:11] local.INFO: Activity - Auth - login_success {"module":"Auth","action":"login_success","user_id":1,"data":{"user_id":1,"email":"admin@debitly.com","role":"admin"},"timestamp":"2025-11-17T12:46:11+00:00"} 
[2025-11-17 12:46:11] local.INFO: Activity - Admin - view_dashboard {"module":"Admin","action":"view_dashboard","user_id":1,"data":[],"timestamp":"2025-11-17T12:46:11+00:00"} 
[2025-11-17 12:46:18] local.INFO: Activity - Admin - view_dashboard {"module":"Admin","action":"view_dashboard","user_id":1,"data":[],"timestamp":"2025-11-17T12:46:18+00:00"} 
[2025-11-17 12:46:19] local.INFO: Activity - Admin - view_users {"module":"Admin","action":"view_users","user_id":1,"data":{"filters":[]},"timestamp":"2025-11-17T12:46:19+00:00"} 
[2025-11-17 12:46:22] local.INFO: Activity - Admin - view_users {"module":"Admin","action":"view_users","user_id":1,"data":{"filters":[]},"timestamp":"2025-11-17T12:46:22+00:00"} 
[2025-11-17 12:46:24] local.INFO: Activity - Admin - view_transactions {"module":"Admin","action":"view_transactions","user_id":1,"data":{"filters":[]},"timestamp":"2025-11-17T12:46:24+00:00"} 
[2025-11-17 12:46:29] local.INFO: Activity - Admin - view_dashboard {"module":"Admin","action":"view_dashboard","user_id":1,"data":[],"timestamp":"2025-11-17T12:46:29+00:00"} 
[2025-11-17 12:46:33] local.INFO: Activity - Admin - view_users {"module":"Admin","action":"view_users","user_id":1,"data":{"filters":[]},"timestamp":"2025-11-17T12:46:33+00:00"} 
[2025-11-17 12:46:34] local.INFO: Activity - Auth - logout {"module":"Auth","action":"logout","user_id":1,"data":{"user_id":1},"timestamp":"2025-11-17T12:46:34+00:00"} 
[2025-11-17 12:50:31] local.INFO: Activity - Auth - login_success {"module":"Auth","action":"login_success","user_id":2,"data":{"user_id":2,"email":"user@debitly.com","role":"user"},"timestamp":"2025-11-17T12:50:31+00:00"} 
[2025-11-17 12:50:31] local.INFO: Activity - User - view_dashboard {"module":"User","action":"view_dashboard","user_id":2,"data":[],"timestamp":"2025-11-17T12:50:31+00:00"} 
[2025-11-17 12:51:24] local.INFO: Activity - Payment - create_payout_request {"module":"Payment","action":"create_payout_request","user_id":2,"data":{"merchant_order_id":"order-1763383834","amount":"2","currency":"EUR"},"timestamp":"2025-11-17T12:51:24+00:00"} 
[2025-11-17 12:51:44] local.INFO: Activity - Payment - create_payout_request {"module":"Payment","action":"create_payout_request","user_id":2,"data":{"merchant_order_id":"order-1763383834","amount":"2","currency":"EUR"},"timestamp":"2025-11-17T12:51:44+00:00"} 
[2025-11-17 12:51:46] local.INFO: Activity - User - view_transactions {"module":"User","action":"view_transactions","user_id":2,"data":{"filters":[]},"timestamp":"2025-11-17T12:51:46+00:00"} 
[2025-11-17 12:51:48] local.INFO: Activity - User - view_transaction {"module":"User","action":"view_transaction","user_id":2,"data":{"transaction_id":3,"merchant_order_id":"order-1763383834"},"timestamp":"2025-11-17T12:51:48+00:00"} 
[2025-11-17 12:51:53] local.INFO: Activity - Payment - check_status {"module":"Payment","action":"check_status","user_id":2,"data":{"order_id":"ca19df5d-67f9-4334-8ed0-c51659912664","operation_id":"fa19ee45-b59b-4e5a-9236-f95cc0c78e99"},"timestamp":"2025-11-17T12:51:53+00:00"} 
[2025-11-17 12:51:53] local.INFO: Activity - User - view_transaction {"module":"User","action":"view_transaction","user_id":2,"data":{"transaction_id":3,"merchant_order_id":"order-1763383834"},"timestamp":"2025-11-17T12:51:53+00:00"} 
[2025-11-17 13:18:20] local.INFO: Activity - Auth - logout {"module":"Auth","action":"logout","user_id":2,"data":{"user_id":2},"timestamp":"2025-11-17T13:18:20+00:00"} 
[2025-11-17 13:42:33] local.INFO: Activity - Auth - login_success {"module":"Auth","action":"login_success","user_id":2,"data":{"user_id":2,"email":"user@debitly.com","role":"user"},"timestamp":"2025-11-17T13:42:33+00:00"} 
[2025-11-17 13:42:33] local.INFO: Activity - User - view_dashboard {"module":"User","action":"view_dashboard","user_id":2,"data":[],"timestamp":"2025-11-17T13:42:33+00:00"} 
[2025-11-17 13:42:39] local.INFO: Activity - User - view_transactions {"module":"User","action":"view_transactions","user_id":2,"data":{"filters":[]},"timestamp":"2025-11-17T13:42:39+00:00"} 
[2025-11-17 13:42:44] local.INFO: Activity - User - view_dashboard {"module":"User","action":"view_dashboard","user_id":2,"data":[],"timestamp":"2025-11-17T13:42:44+00:00"} 
[2025-11-17 13:45:13] local.INFO: Activity - User - view_dashboard {"module":"User","action":"view_dashboard","user_id":2,"data":[],"timestamp":"2025-11-17T13:45:13+00:00"} 
[2025-11-17 13:45:15] local.INFO: Activity - User - view_transactions {"module":"User","action":"view_transactions","user_id":2,"data":{"filters":[]},"timestamp":"2025-11-17T13:45:15+00:00"} 
[2025-11-17 13:45:18] local.INFO: Activity - User - view_dashboard {"module":"User","action":"view_dashboard","user_id":2,"data":[],"timestamp":"2025-11-17T13:45:18+00:00"} 
[2025-11-17 13:45:23] local.INFO: Activity - User - view_transactions {"module":"User","action":"view_transactions","user_id":2,"data":{"filters":[]},"timestamp":"2025-11-17T13:45:23+00:00"} 
[2025-11-17 13:46:04] local.INFO: Activity - User - view_transactions {"module":"User","action":"view_transactions","user_id":2,"data":{"filters":{"status":"processing","search":null}},"timestamp":"2025-11-17T13:46:04+00:00"} 
[2025-11-17 13:46:11] local.INFO: Activity - User - view_transactions {"module":"User","action":"view_transactions","user_id":2,"data":{"filters":[]},"timestamp":"2025-11-17T13:46:11+00:00"} 
[2025-11-17 13:46:20] local.INFO: Activity - User - view_transactions {"module":"User","action":"view_transactions","user_id":2,"data":{"filters":[]},"timestamp":"2025-11-17T13:46:20+00:00"} 
[2025-11-17 13:47:15] local.INFO: Activity - User - view_transactions {"module":"User","action":"view_transactions","user_id":2,"data":{"filters":[]},"timestamp":"2025-11-17T13:47:15+00:00"} 
[2025-11-17 13:49:14] local.INFO: Activity - User - view_transactions {"module":"User","action":"view_transactions","user_id":2,"data":{"filters":[]},"timestamp":"2025-11-17T13:49:14+00:00"} 
[2025-11-17 13:53:07] local.INFO: Activity - User - view_dashboard {"module":"User","action":"view_dashboard","user_id":2,"data":[],"timestamp":"2025-11-17T13:53:07+00:00"} 
[2025-11-17 13:53:36] local.INFO: Activity - User - view_transaction {"module":"User","action":"view_transaction","user_id":2,"data":{"transaction_id":3,"merchant_order_id":"order-1763383834"},"timestamp":"2025-11-17T13:53:36+00:00"} 
[2025-11-17 13:53:42] local.INFO: Activity - User - view_transactions {"module":"User","action":"view_transactions","user_id":2,"data":{"filters":[]},"timestamp":"2025-11-17T13:53:42+00:00"} 
[2025-11-17 13:53:47] local.INFO: Activity - User - view_dashboard {"module":"User","action":"view_dashboard","user_id":2,"data":[],"timestamp":"2025-11-17T13:53:47+00:00"} 
[2025-11-17 13:55:41] local.INFO: Activity - User - view_transactions {"module":"User","action":"view_transactions","user_id":2,"data":{"filters":[]},"timestamp":"2025-11-17T13:55:41+00:00"} 
[2025-11-17 14:00:04] local.INFO: Activity - User - view_transactions {"module":"User","action":"view_transactions","user_id":2,"data":{"filters":[]},"timestamp":"2025-11-17T14:00:04+00:00"} 
[2025-11-17 14:00:14] local.INFO: Activity - User - view_profile {"module":"User","action":"view_profile","user_id":2,"data":{"user_id":2},"timestamp":"2025-11-17T14:00:14+00:00"} 
[2025-11-17 14:04:05] local.INFO: Activity - User - view_profile {"module":"User","action":"view_profile","user_id":2,"data":{"user_id":2},"timestamp":"2025-11-17T14:04:05+00:00"} 
[2025-11-17 14:12:31] local.INFO: Activity - User - view_profile {"module":"User","action":"view_profile","user_id":2,"data":{"user_id":2},"timestamp":"2025-11-17T14:12:31+00:00"} 
[2025-11-17 14:12:50] local.INFO: Activity - User - view_profile {"module":"User","action":"view_profile","user_id":2,"data":{"user_id":2},"timestamp":"2025-11-17T14:12:50+00:00"} 
[2025-11-17 14:13:24] local.INFO: Activity - User - view_profile {"module":"User","action":"view_profile","user_id":2,"data":{"user_id":2},"timestamp":"2025-11-17T14:13:24+00:00"} 
[2025-11-17 14:13:56] local.INFO: Activity - User - view_profile {"module":"User","action":"view_profile","user_id":2,"data":{"user_id":2},"timestamp":"2025-11-17T14:13:56+00:00"} 
[2025-11-17 14:14:25] local.INFO: Activity - User - change_password {"module":"User","action":"change_password","user_id":2,"data":{"user_id":2},"timestamp":"2025-11-17T14:14:25+00:00"} 
[2025-11-17 14:14:25] local.INFO: Activity - User - view_profile {"module":"User","action":"view_profile","user_id":2,"data":{"user_id":2},"timestamp":"2025-11-17T14:14:25+00:00"} 
[2025-11-17 14:15:36] local.INFO: Activity - User - view_profile {"module":"User","action":"view_profile","user_id":2,"data":{"user_id":2},"timestamp":"2025-11-17T14:15:36+00:00"} 
[2025-11-17 14:16:08] local.INFO: Activity - User - view_dashboard {"module":"User","action":"view_dashboard","user_id":2,"data":[],"timestamp":"2025-11-17T14:16:08+00:00"} 
